<?xml version="1.0" encoding="utf-8"?>
<testsuites>
    <testsuite errors="0" failures="1" name="mypy" skips="0" tests="1" time="3.912">
        <testcase classname="mypy" file="mypy" line="1" name="mypy-py3_10-linux" time="3.912">
            <failure message="mypy produced messages">
src/abram/raw_data.py:24: error: Function is missing a type annotation  [no-untyped-def]
src/abram/raw_data.py:31: error: Call to untyped function "input_checks" in typed context  [no-untyped-call]
src/abram/raw_data.py:68: error: Function is missing a return type annotation  [no-untyped-def]
src/abram/raw_data.py:68: note: Use "None" if function does not return a value</failure>
        </testcase>
    </testsuite>
</testsuites>
